<?xml version="1.0" encoding="UTF-8"?>
<testsuite xmlns:xsi="http://www.w3.org/2001/XMLSchema-instance" xsi:noNamespaceSchemaLocation="https://maven.apache.org/surefire/maven-surefire-plugin/xsd/surefire-test-report.xsd" version="3.0.2" name="com.cognizant.springlearn.SpringLearnApplicationTests" time="3.658" tests="1" errors="0" skipped="0" failures="0" flakes="0">
  <properties>
[...]
</properties>
  <testcase name="contextLoads" classname="com.cognizant.springlearn.SpringLearnApplicationTests" time="0.988">
    <system-out><![CDATA[19:31:04.562 [main] INFO org.springframework.test.context.support.AnnotationConfigContextLoaderUtils -- Could not detect default configuration classes for test class [com.cognizant.springlearn.SpringLearnApplicationTests]: SpringLearnApplicationTests does not declare any static, non-private, non-final, nested classes annotated with @Configuration.
19:31:04.699 [main] INFO org.springframework.boot.test.context.SpringBootTestContextBootstrapper -- Found @SpringBootConfiguration com.cognizant.springlearn.SpringLearnApplication for test class com.cognizant.springlearn.SpringLearnApplicationTests
19:31:04.909 [main] INFO org.springframework.boot.devtools.restart.RestartApplicationListener -- Restart disabled due to context in which it is running

  .   ____          _            __ _ _
 /\\ / ___'_ __ _ _(_)_ __  __ _ \ \ \ \
( ( )\___ | '_ | '_| | '_ \/ _` | \ \ \ \
 \\/  ___)| |_)| | | | | || (_| |  ) ) ) )
  '  |____| .__|_| |_|_| |_\__, | / / / /
 =========|_|==============|___/=/_/_/_/

 :: Spring Boot ::               (v3.5.16)

260724|19:31:05.330|main                | INFO|ringLearnApplicationTests|              logStarting|Starting SpringLearnApplicationTests using Java 17.0.19 with PID 64500 (started by ushas in C:\Users\ushas\DN5.0-Java-FSE-Solutions-\WEEK-3\Spring REST using Spring Boot 3)
260724|19:31:05.333|main                |DEBUG|ringLearnApplicationTests|              logStarting|Running with Spring Boot v3.5.16, Spring v6.2.19
260724|19:31:05.335|main                | INFO|ringLearnApplicationTests|    logStartupProfileInfo|No active profile set, falling back to 1 default profile: "default"
260724|19:31:06.802|main                | WARN|sServiceAutoConfiguration|      getOrDeducePassword|

Using generated security password: c4f584da-0042-4856-812e-21a89672d075

This generated password is for development use only. Your security configuration must be updated before running your application in production.

260724|19:31:06.811|main                | INFO|rDetailsManagerConfigurer|                configure|Global AuthenticationManager configured with UserDetailsService bean with name inMemoryUserDetailsManager
260724|19:31:07.006|main                | INFO|ringLearnApplicationTests|               logStarted|Started SpringLearnApplicationTests in 2.118 seconds (process running for 3.288)
]]></system-out>
  </testcase>
</testsuite>